<?xml version="1.0" encoding="UTF-8"?>
<!-- Generated by org.testng.reporters.JUnitReportReporter -->
<testsuite hostname="Elonmusk" failures="0" tests="1" name="com.Opencart.tescase.TC_RF_005" time="21.674" errors="0" timestamp="2023-04-11T08:36:41 IST" skipped="0">
  <testcase classname="com.Opencart.tescase.TC_RF_005" name="testpage" time="21.674"/>
  <system-out/>
</testsuite> <!-- com.Opencart.tescase.TC_RF_005 -->
