<?xml version="1.0" encoding="UTF-8"?>
<!-- Generated by org.testng.reporters.JUnitReportReporter -->
<testsuite hostname="Elonmusk" failures="0" tests="1" name="com.Opencart.tescase.TC_RF_007" time="26.489" errors="0" timestamp="2023-04-11T13:00:58 IST" skipped="0">
  <testcase classname="com.Opencart.tescase.TC_RF_007" name="loginPage" time="26.489"/>
  <system-out/>
</testsuite> <!-- com.Opencart.tescase.TC_RF_007 -->
